-------------------------------------------------------------------------------
Test set: co.edu.unal.paralela.ReciprocalArraySumTest
-------------------------------------------------------------------------------
Tests run: 4, Failures: 2, Errors: 0, Skipped: 0, Time elapsed: 52.317 sec <<< FAILURE! - in co.edu.unal.paralela.ReciprocalArraySumTest
testParManyTaskTwoHundredMillion(co.edu.unal.paralela.ReciprocalArraySumTest)  Time elapsed: 22.915 sec  <<< FAILURE!
junit.framework.AssertionFailedError: Se esperaba que la implmentación de muchas tareas en paralelo pudiera ejecutarse  12.800000x veces más rápido, pero solo alcanzo a mejorar la rapidez (speedup) 1.913043x veces
	at junit.framework.Assert.fail(Assert.java:47)
	at junit.framework.Assert.assertTrue(Assert.java:20)
	at co.edu.unal.paralela.ReciprocalArraySumTest.testParManyTaskTwoHundredMillion(ReciprocalArraySumTest.java:149)

testParManyTaskTwoMillion(co.edu.unal.paralela.ReciprocalArraySumTest)  Time elapsed: 0.258 sec  <<< FAILURE!
junit.framework.AssertionFailedError: Se esperaba que la implmentación de muchas tareas en paralelo pudiera ejecutarse 9.600000x veces más rápido, pero solo alcanzo a mejorar la rapidez (speedup) 2.000000x veces
	at junit.framework.Assert.fail(Assert.java:47)
	at junit.framework.Assert.assertTrue(Assert.java:20)
	at co.edu.unal.paralela.ReciprocalArraySumTest.testParManyTaskTwoMillion(ReciprocalArraySumTest.java:137)

